{"C:\\Users\\zhangji\\Desktop\\Project\\Javascript MVC\\jsClass\\main.js":{"path":"C:\\Users\\zhangji\\Desktop\\Project\\Javascript MVC\\jsClass\\main.js","s":{"1":1,"2":2,"3":2,"4":2,"5":2,"6":1,"7":1,"8":1,"9":2,"10":1,"11":1,"12":2,"13":1,"14":1,"15":1,"16":1,"17":1,"18":1,"19":1,"20":1,"21":0,"22":1,"23":0,"24":1,"25":0,"26":0,"27":1,"28":0,"29":1,"30":0,"31":0,"32":0,"33":1,"34":0},"b":{"1":[1,1]},"f":{"1":2,"2":2,"3":0,"4":1,"5":2,"6":1,"7":0,"8":0,"9":0,"10":0,"11":0,"12":0,"13":0,"14":0},"fnMap":{"1":{"name":"(anonymous_1)","line":15,"loc":{"start":{"line":15,"column":11},"end":{"line":15,"column":27}}},"2":{"name":"(anonymous_2)","line":16,"loc":{"start":{"line":16,"column":11},"end":{"line":16,"column":21}}},"3":{"name":"(anonymous_3)","line":19,"loc":{"start":{"line":19,"column":22},"end":{"line":19,"column":32}}},"4":{"name":"(anonymous_4)","line":23,"loc":{"start":{"line":23,"column":15},"end":{"line":23,"column":25}}},"5":{"name":"(anonymous_5)","line":33,"loc":{"start":{"line":33,"column":24},"end":{"line":33,"column":34}}},"6":{"name":"(anonymous_6)","line":36,"loc":{"start":{"line":36,"column":22},"end":{"line":36,"column":32}}},"7":{"name":"(anonymous_7)","line":50,"loc":{"start":{"line":50,"column":6},"end":{"line":50,"column":16}}},"8":{"name":"(anonymous_8)","line":60,"loc":{"start":{"line":60,"column":7},"end":{"line":60,"column":17}}},"9":{"name":"(anonymous_9)","line":64,"loc":{"start":{"line":64,"column":10},"end":{"line":64,"column":35}}},"10":{"name":"(anonymous_10)","line":65,"loc":{"start":{"line":65,"column":8},"end":{"line":65,"column":18}}},"11":{"name":"(anonymous_11)","line":69,"loc":{"start":{"line":69,"column":11},"end":{"line":69,"column":36}}},"12":{"name":"(anonymous_12)","line":75,"loc":{"start":{"line":75,"column":12},"end":{"line":75,"column":22}}},"13":{"name":"(anonymous_13)","line":78,"loc":{"start":{"line":78,"column":14},"end":{"line":78,"column":24}}},"14":{"name":"(anonymous_14)","line":84,"loc":{"start":{"line":84,"column":18},"end":{"line":84,"column":28}}}},"statementMap":{"1":{"start":{"line":15,"column":0},"end":{"line":29,"column":2}},"2":{"start":{"line":16,"column":1},"end":{"line":18,"column":3}},"3":{"start":{"line":17,"column":2},"end":{"line":17,"column":34}},"4":{"start":{"line":19,"column":1},"end":{"line":19,"column":35}},"5":{"start":{"line":21,"column":1},"end":{"line":26,"column":2}},"6":{"start":{"line":23,"column":2},"end":{"line":23,"column":28}},"7":{"start":{"line":24,"column":2},"end":{"line":24,"column":38}},"8":{"start":{"line":25,"column":2},"end":{"line":25,"column":31}},"9":{"start":{"line":28,"column":1},"end":{"line":28,"column":14}},"10":{"start":{"line":31,"column":0},"end":{"line":31,"column":21}},"11":{"start":{"line":33,"column":0},"end":{"line":35,"column":2}},"12":{"start":{"line":34,"column":1},"end":{"line":34,"column":28}},"13":{"start":{"line":36,"column":0},"end":{"line":38,"column":0}},"14":{"start":{"line":36,"column":33},"end":{"line":36,"column":60}},"15":{"start":{"line":38,"column":0},"end":{"line":38,"column":23}},"16":{"start":{"line":40,"column":0},"end":{"line":40,"column":20}},"17":{"start":{"line":42,"column":0},"end":{"line":42,"column":24}},"18":{"start":{"line":44,"column":0},"end":{"line":44,"column":17}},"19":{"start":{"line":46,"column":0},"end":{"line":46,"column":14}},"20":{"start":{"line":48,"column":0},"end":{"line":55,"column":0}},"21":{"start":{"line":51,"column":2},"end":{"line":51,"column":25}},"22":{"start":{"line":55,"column":0},"end":{"line":63,"column":2}},"23":{"start":{"line":61,"column":2},"end":{"line":61,"column":25}},"24":{"start":{"line":64,"column":0},"end":{"line":69,"column":0}},"25":{"start":{"line":65,"column":1},"end":{"line":67,"column":3}},"26":{"start":{"line":66,"column":2},"end":{"line":66,"column":42}},"27":{"start":{"line":69,"column":0},"end":{"line":71,"column":2}},"28":{"start":{"line":70,"column":1},"end":{"line":70,"column":41}},"29":{"start":{"line":73,"column":0},"end":{"line":84,"column":0}},"30":{"start":{"line":76,"column":2},"end":{"line":76,"column":28}},"31":{"start":{"line":79,"column":2},"end":{"line":79,"column":16}},"32":{"start":{"line":80,"column":2},"end":{"line":80,"column":47}},"33":{"start":{"line":84,"column":0},"end":{"line":88,"column":0}},"34":{"start":{"line":85,"column":1},"end":{"line":85,"column":23}}},"branchMap":{"1":{"line":21,"type":"if","locations":[{"start":{"line":21,"column":1},"end":{"line":21,"column":1}},{"start":{"line":21,"column":1},"end":{"line":21,"column":1}}]}}}}