TN:
SF:C:\Users\zhangji\Desktop\Project\Javascript MVC\jsClass\main.js
FN:15,(anonymous_1)
FN:16,(anonymous_2)
FN:19,(anonymous_3)
FN:23,(anonymous_4)
FN:33,(anonymous_5)
FN:36,(anonymous_6)
FN:50,(anonymous_7)
FN:60,(anonymous_8)
FN:64,(anonymous_9)
FN:65,(anonymous_10)
FN:69,(anonymous_11)
FN:75,(anonymous_12)
FN:78,(anonymous_13)
FN:84,(anonymous_14)
FNF:14
FNH:5
FNDA:2,(anonymous_1)
FNDA:2,(anonymous_2)
FNDA:0,(anonymous_3)
FNDA:1,(anonymous_4)
FNDA:2,(anonymous_5)
FNDA:1,(anonymous_6)
FNDA:0,(anonymous_7)
FNDA:0,(anonymous_8)
FNDA:0,(anonymous_9)
FNDA:0,(anonymous_10)
FNDA:0,(anonymous_11)
FNDA:0,(anonymous_12)
FNDA:0,(anonymous_13)
FNDA:0,(anonymous_14)
DA:15,1
DA:16,2
DA:17,2
DA:19,2
DA:21,2
DA:23,1
DA:24,1
DA:25,1
DA:28,2
DA:31,1
DA:33,1
DA:34,2
DA:36,1
DA:38,1
DA:40,1
DA:42,1
DA:44,1
DA:46,1
DA:48,1
DA:51,0
DA:55,1
DA:61,0
DA:64,1
DA:65,0
DA:66,0
DA:69,1
DA:70,0
DA:73,1
DA:76,0
DA:79,0
DA:80,0
DA:84,1
DA:85,0
LF:33
LH:24
BRDA:21,1,0,1
BRDA:21,1,1,1
BRF:2
BRH:2
end_of_record
